# JRE version: Java(TM) SE Runtime Environment (8.0_201-b09) (build 1.8.0_201-b09)
# Java VM: Java HotSpot(TM) 64-Bit Server VM (25.201-b09 mixed mode windows-amd64 compressed oops)
Heap:
 PSYoungGen      total 327168K, used 231590K [0x00000000d8100000, 0x00000000edf00000, 0x0000000100000000)
  eden space 311808K, 70% used [0x00000000d8100000,0x00000000e574f448,0x00000000eb180000)
  from space 15360K, 79% used [0x00000000ec180000,0x00000000ecd5a6f0,0x00000000ed080000)
  to   space 16384K, 0% used [0x00000000eb180000,0x00000000eb180000,0x00000000ec180000)
 ParOldGen       total 76288K, used 22304K [0x0000000088200000, 0x000000008cc80000, 0x00000000d8100000)
  object space 76288K, 29% used [0x0000000088200000,0x00000000897c8100,0x000000008cc80000)
 Metaspace       used 56524K, capacity 58920K, committed 59028K, reserved 1099776K
  class space    used 7692K, capacity 8131K, committed 8192K, reserved 1048576K
GC Heap History (10 events):
Event: 3.530 GC heap before
{Heap before GC invocations=8 (full 1):
 PSYoungGen      total 130048K, used 3079K [0x00000000d8100000, 0x00000000e7f00000, 0x0000000100000000)
  eden space 121344K, 0% used [0x00000000d8100000,0x00000000d8100000,0x00000000df780000)
  from space 8704K, 35% used [0x00000000df780000,0x00000000dfa81d20,0x00000000e0000000)
  to   space 8704K, 0% used [0x00000000e7680000,0x00000000e7680000,0x00000000e7f00000)
 ParOldGen       total 81920K, used 4383K [0x0000000088200000, 0x000000008d200000, 0x00000000d8100000)
  object space 81920K, 5% used [0x0000000088200000,0x0000000088647c90,0x000000008d200000)
 Metaspace       used 20650K, capacity 21108K, committed 21248K, reserved 1067008K
  class space    used 2596K, capacity 2736K, committed 2816K, reserved 1048576K
Event: 3.572 GC heap after
Heap after GC invocations=8 (full 1):
 PSYoungGen      total 130048K, used 0K [0x00000000d8100000, 0x00000000e7f00000, 0x0000000100000000)
  eden space 121344K, 0% used [0x00000000d8100000,0x00000000d8100000,0x00000000df780000)
  from space 8704K, 0% used [0x00000000df780000,0x00000000df780000,0x00000000e0000000)
  to   space 8704K, 0% used [0x00000000e7680000,0x00000000e7680000,0x00000000e7f00000)
 ParOldGen       total 43520K, used 4887K [0x0000000088200000, 0x000000008ac80000, 0x00000000d8100000)
  object space 43520K, 11% used [0x0000000088200000,0x00000000886c5cb8,0x000000008ac80000)
 Metaspace       used 20650K, capacity 21108K, committed 21248K, reserved 1067008K
  class space    used 2596K, capacity 2736K, committed 2816K, reserved 1048576K
}
Event: 5.333 GC heap before
{Heap before GC invocations=9 (full 1):
 PSYoungGen      total 130048K, used 121344K [0x00000000d8100000, 0x00000000e7f00000, 0x0000000100000000)
  eden space 121344K, 100% used [0x00000000d8100000,0x00000000df780000,0x00000000df780000)
  from space 8704K, 0% used [0x00000000df780000,0x00000000df780000,0x00000000e0000000)
  to   space 8704K, 0% used [0x00000000e7680000,0x00000000e7680000,0x00000000e7f00000)
 ParOldGen       total 43520K, used 4897K [0x0000000088200000, 0x000000008ac80000, 0x00000000d8100000)
  object space 43520K, 11% used [0x0000000088200000,0x00000000886c8640,0x000000008ac80000)
 Metaspace       used 25804K, capacity 26590K, committed 26880K, reserved 1073152K
  class space    used 3279K, capacity 3498K, committed 3584K, reserved 1048576K
Event: 5.350 GC heap after
Heap after GC invocations=9 (full 1):
 PSYoungGen      total 225280K, used 8700K [0x00000000d8100000, 0x00000000e7f00000, 0x0000000100000000)
  eden space 216576K, 0% used [0x00000000d8100000,0x00000000d8100000,0x00000000e5480000)
  from space 8704K, 99% used [0x00000000e7680000,0x00000000e7eff180,0x00000000e7f00000)
  to   space 10752K, 0% used [0x00000000e6a00000,0x00000000e6a00000,0x00000000e7480000)
 ParOldGen       total 43520K, used 6195K [0x0000000088200000, 0x000000008ac80000, 0x00000000d8100000)
  object space 43520K, 14% used [0x0000000088200000,0x000000008880ce40,0x000000008ac80000)
 Metaspace       used 25804K, capacity 26590K, committed 26880K, reserved 1073152K
  class space    used 3279K, capacity 3498K, committed 3584K, reserved 1048576K
}
Event: 9.259 GC heap before
{Heap before GC invocations=10 (full 1):
 PSYoungGen      total 225280K, used 221657K [0x00000000d8100000, 0x00000000e7f00000, 0x0000000100000000)
  eden space 216576K, 98% used [0x00000000d8100000,0x00000000e50f7530,0x00000000e5480000)
  from space 8704K, 99% used [0x00000000e7680000,0x00000000e7eff180,0x00000000e7f00000)
  to   space 10752K, 0% used [0x00000000e6a00000,0x00000000e6a00000,0x00000000e7480000)
 ParOldGen       total 43520K, used 6195K [0x0000000088200000, 0x000000008ac80000, 0x00000000d8100000)
  object space 43520K, 14% used [0x0000000088200000,0x000000008880ce40,0x000000008ac80000)
 Metaspace       used 33786K, capacity 35354K, committed 35416K, reserved 1079296K
  class space    used 4378K, capacity 4716K, committed 4736K, reserved 1048576K
Event: 9.285 GC heap after
Heap after GC invocations=10 (full 1):
 PSYoungGen      total 249344K, used 10739K [0x00000000d8100000, 0x00000000ed080000, 0x0000000100000000)
  eden space 238592K, 0% used [0x00000000d8100000,0x00000000d8100000,0x00000000e6a00000)
  from space 10752K, 99% used [0x00000000e6a00000,0x00000000e747cd30,0x00000000e7480000)
  to   space 15360K, 0% used [0x00000000ec180000,0x00000000ec180000,0x00000000ed080000)
 ParOldGen       total 43520K, used 13807K [0x0000000088200000, 0x000000008ac80000, 0x00000000d8100000)
  object space 43520K, 31% used [0x0000000088200000,0x0000000088f7bf70,0x000000008ac80000)
 Metaspace       used 33786K, capacity 35354K, committed 35416K, reserved 1079296K
  class space    used 4378K, capacity 4716K, committed 4736K, reserved 1048576K
}
Event: 9.285 GC heap before
{Heap before GC invocations=11 (full 2):
 PSYoungGen      total 249344K, used 10739K [0x00000000d8100000, 0x00000000ed080000, 0x0000000100000000)
  eden space 238592K, 0% used [0x00000000d8100000,0x00000000d8100000,0x00000000e6a00000)
  from space 10752K, 99% used [0x00000000e6a00000,0x00000000e747cd30,0x00000000e7480000)
  to   space 15360K, 0% used [0x00000000ec180000,0x00000000ec180000,0x00000000ed080000)
 ParOldGen       total 43520K, used 13807K [0x0000000088200000, 0x000000008ac80000, 0x00000000d8100000)
  object space 43520K, 31% used [0x0000000088200000,0x0000000088f7bf70,0x000000008ac80000)
 Metaspace       used 33786K, capacity 35354K, committed 35416K, reserved 1079296K
  class space    used 4378K, capacity 4716K, committed 4736K, reserved 1048576K
Event: 9.414 GC heap after
Heap after GC invocations=11 (full 2):
 PSYoungGen      total 249344K, used 0K [0x00000000d8100000, 0x00000000ed080000, 0x0000000100000000)
  eden space 238592K, 0% used [0x00000000d8100000,0x00000000d8100000,0x00000000e6a00000)
  from space 10752K, 0% used [0x00000000e6a00000,0x00000000e6a00000,0x00000000e7480000)
  to   space 15360K, 0% used [0x00000000ec180000,0x00000000ec180000,0x00000000ed080000)
 ParOldGen       total 76288K, used 22296K [0x0000000088200000, 0x000000008cc80000, 0x00000000d8100000)
  object space 76288K, 29% used [0x0000000088200000,0x00000000897c6100,0x000000008cc80000)
 Metaspace       used 33786K, capacity 35354K, committed 35416K, reserved 1079296K
  class space    used 4378K, capacity 4716K, committed 4736K, reserved 1048576K
}
Event: 11.911 GC heap before
{Heap before GC invocations=12 (full 2):
 PSYoungGen      total 249344K, used 238592K [0x00000000d8100000, 0x00000000ed080000, 0x0000000100000000)
  eden space 238592K, 100% used [0x00000000d8100000,0x00000000e6a00000,0x00000000e6a00000)
  from space 10752K, 0% used [0x00000000e6a00000,0x00000000e6a00000,0x00000000e7480000)
  to   space 15360K, 0% used [0x00000000ec180000,0x00000000ec180000,0x00000000ed080000)
 ParOldGen       total 76288K, used 22296K [0x0000000088200000, 0x000000008cc80000, 0x00000000d8100000)
  object space 76288K, 29% used [0x0000000088200000,0x00000000897c6100,0x000000008cc80000)
 Metaspace       used 43130K, capacity 44946K, committed 45144K, reserved 1089536K
  class space    used 5614K, capacity 5982K, committed 6016K, reserved 1048576K
Event: 11.924 GC heap after
Heap after GC invocations=12 (full 2):
 PSYoungGen      total 327168K, used 12137K [0x00000000d8100000, 0x00000000edf00000, 0x0000000100000000)
  eden space 311808K, 0% used [0x00000000d8100000,0x00000000d8100000,0x00000000eb180000)
  from space 15360K, 79% used [0x00000000ec180000,0x00000000ecd5a6f0,0x00000000ed080000)
  to   space 16384K, 0% used [0x00000000eb180000,0x00000000eb180000,0x00000000ec180000)
 ParOldGen       total 76288K, used 22304K [0x0000000088200000, 0x000000008cc80000, 0x00000000d8100000)
  object space 76288K, 29% used [0x0000000088200000,0x00000000897c8100,0x000000008cc80000)
 Metaspace       used 43130K, capacity 44946K, committed 45144K, reserved 1089536K
  class space    used 5614K, capacity 5982K, committed 6016K, reserved 1048576K
}

